<?xml version="1.0" encoding="UTF-8"?>
<!-- Generated by org.testng.reporters.JUnitReportReporter -->
<testsuite hostname="Admin-PC" failures="0" tests="1" name="newproject.Rax" time="8.506" errors="0" timestamp="24 Oct 2018 11:34:10 GMT" skipped="0">
  <testcase classname="newproject.Rax" name="main" time="8.506"/>
</testsuite> <!-- newproject.Rax -->
