<?xml version="1.0" encoding="UTF-8"?>
<!-- Generated by org.testng.reporters.JUnitReportReporter -->
<testsuite hostname="Admin-PC" failures="0" tests="1" name="excelpractice.Bigbaskets" time="49.209" errors="0" timestamp="16 Feb 2019 09:36:36 GMT" skipped="0">
  <testcase classname="excelpractice.Bigbaskets" name="checkcategoriesselection" time="49.209"/>
</testsuite> <!-- excelpractice.Bigbaskets -->
