<?xml version="1.0" encoding="UTF-8"?>
<!-- Generated by org.testng.reporters.JUnitReportReporter -->
<testsuite hostname="Admin-PC" failures="0" tests="1" name="excelpractice.Bigbasket1" time="35.569" errors="0" timestamp="16 Feb 2019 09:39:41 GMT" skipped="0">
  <testcase classname="excelpractice.Bigbasket1" name="checkcategoriesselection" time="35.569"/>
</testsuite> <!-- excelpractice.Bigbasket1 -->
