<?xml version="1.0" encoding="UTF-8"?>
<!-- Generated by org.testng.reporters.JUnitReportReporter -->
<testsuite hostname="Admin-PC" failures="0" tests="1" name="newproject.Project" time="10.151" errors="0" timestamp="08 Feb 2019 12:54:31 GMT" skipped="0">
  <testcase classname="newproject.Project" name="set" time="10.151"/>
</testsuite> <!-- newproject.Project -->
