<?xml version="1.0" encoding="UTF-8"?>
<!-- Generated by org.testng.reporters.JUnitReportReporter -->
<testsuite hostname="Admin-PC" failures="0" tests="2" name="newproject.Newtestpage" time="0.014" errors="0" timestamp="24 Oct 2018 10:47:25 GMT" skipped="0">
  <testcase classname="newproject.Newtestpage" name="f" time="0.012"/>
  <testcase classname="newproject.Newtestpage" name="f" time="0.002"/>
</testsuite> <!-- newproject.Newtestpage -->
