<?xml version="1.0" encoding="UTF-8"?>
<!-- Generated by org.testng.reporters.JUnitReportReporter -->
<testsuite hostname="Admin-PC" failures="0" tests="2" name="excelpractice.DataDriven" time="21.060" errors="0" timestamp="31 Jan 2019 09:26:13 GMT" skipped="0">
  <testcase classname="excelpractice.DataDriven" name="Test" time="9.886"/>
  <testcase classname="excelpractice.DataDriven" name="Test" time="11.174"/>
</testsuite> <!-- excelpractice.DataDriven -->
